TN:
SF:src/server.ts
FN:8,connectDB
FN:32,(anonymous_2)
FNF:2
FNH:1
FNDA:1,connectDB
FNDA:0,(anonymous_2)
DA:1,1
DA:3,1
DA:4,1
DA:5,1
DA:6,1
DA:8,1
DA:9,1
DA:10,1
DA:11,1
DA:21,1
DA:23,1
DA:25,1
DA:27,1
DA:29,1
DA:30,1
DA:32,1
DA:34,1
LF:17
LH:17
BRF:0
BRH:0
end_of_record
TN:
SF:src/config/db.ts
FNF:0
FNH:0
DA:1,1
DA:2,1
DA:3,1
DA:5,1
DA:7,1
LF:5
LH:5
BRF:0
BRH:0
end_of_record
TN:
SF:src/config/nodemailer.ts
FN:7,(anonymous_1)
FNF:1
FNH:1
FNDA:2,(anonymous_1)
DA:1,2
DA:2,2
DA:3,2
DA:5,2
DA:7,2
DA:8,2
DA:19,2
LF:7
LH:7
BRF:0
BRH:0
end_of_record
TN:
SF:src/controllers/AuthController.ts
FN:9,(anonymous_1)
FN:40,(anonymous_2)
FN:58,(anonymous_3)
FN:94,(anonymous_4)
FN:115,(anonymous_5)
FN:130,(anonymous_6)
FN:151,(anonymous_7)
FN:155,(anonymous_8)
FN:173,(anonymous_9)
FNF:9
FNH:3
FNDA:5,(anonymous_1)
FNDA:2,(anonymous_2)
FNDA:12,(anonymous_3)
FNDA:0,(anonymous_4)
FNDA:0,(anonymous_5)
FNDA:0,(anonymous_6)
FNDA:0,(anonymous_7)
FNDA:0,(anonymous_8)
FNDA:0,(anonymous_9)
DA:2,2
DA:3,2
DA:4,2
DA:5,2
DA:6,2
DA:8,2
DA:9,2
DA:10,5
DA:11,5
DA:12,5
DA:13,5
DA:14,3
DA:15,3
DA:16,3
DA:18,2
DA:19,2
DA:20,2
DA:21,2
DA:23,2
DA:24,2
DA:27,2
DA:28,2
DA:33,2
DA:35,0
DA:36,0
DA:40,2
DA:41,2
DA:42,2
DA:43,2
DA:44,2
DA:45,1
DA:46,1
DA:47,1
DA:49,1
DA:50,1
DA:51,1
DA:52,1
DA:54,0
DA:58,2
DA:59,12
DA:60,12
DA:61,12
DA:62,12
DA:63,2
DA:64,2
DA:65,2
DA:68,10
DA:69,3
DA:70,3
DA:71,3
DA:74,7
DA:75,7
DA:76,2
DA:77,2
DA:78,2
DA:81,5
DA:83,5
DA:84,5
DA:87,5
DA:90,0
DA:94,2
DA:95,0
DA:96,0
DA:97,0
DA:98,0
DA:99,0
DA:100,0
DA:102,0
DA:103,0
DA:104,0
DA:109,0
DA:111,0
DA:115,2
DA:116,0
DA:117,0
DA:118,0
DA:119,0
DA:120,0
DA:121,0
DA:122,0
DA:124,0
DA:126,0
DA:130,2
DA:131,0
DA:132,0
DA:133,0
DA:134,0
DA:135,0
DA:136,0
DA:137,0
DA:138,0
DA:141,0
DA:142,0
DA:143,0
DA:144,0
DA:147,0
DA:151,2
DA:152,0
DA:155,2
DA:156,0
DA:157,0
DA:158,0
DA:159,0
DA:160,0
DA:161,0
DA:162,0
DA:163,0
DA:165,0
DA:166,0
DA:167,0
DA:169,0
DA:173,2
DA:174,0
DA:175,0
DA:176,0
DA:177,0
DA:178,0
DA:179,0
DA:180,0
DA:181,0
DA:183,0
DA:185,0
LF:122
LH:62
BRDA:13,0,0,3
BRDA:23,1,0,2
BRDA:44,2,0,1
BRDA:62,3,0,2
BRDA:68,4,0,3
BRDA:75,5,0,2
BRDA:83,6,0,5
BRDA:98,7,0,0
BRDA:119,8,0,0
BRDA:135,9,0,0
BRDA:160,10,0,0
BRDA:178,11,0,0
BRF:12
BRH:7
end_of_record
TN:
SF:src/controllers/BudgetController.ts
FN:7,(anonymous_1)
FN:20,(anonymous_2)
FN:31,(anonymous_3)
FN:39,(anonymous_4)
FN:45,(anonymous_5)
FNF:5
FNH:5
FNDA:5,(anonymous_1)
FNDA:3,(anonymous_2)
FNDA:4,(anonymous_3)
FNDA:2,(anonymous_4)
FNDA:2,(anonymous_5)
DA:2,2
DA:3,2
DA:6,2
DA:7,2
DA:8,5
DA:9,5
DA:13,4
DA:14,4
DA:16,1
DA:20,2
DA:21,3
DA:22,3
DA:23,3
DA:24,3
DA:25,2
DA:27,1
DA:31,2
DA:32,4
DA:36,4
DA:39,2
DA:40,2
DA:41,2
DA:42,2
DA:45,2
DA:46,2
DA:47,2
DA:48,2
LF:27
LH:27
BRF:0
BRH:0
end_of_record
TN:
SF:src/controllers/ExpensesController.ts
FN:5,(anonymous_1)
FN:9,(anonymous_2)
FN:20,(anonymous_3)
FN:24,(anonymous_4)
FN:29,(anonymous_5)
FNF:5
FNH:4
FNDA:0,(anonymous_1)
FNDA:2,(anonymous_2)
FNDA:1,(anonymous_3)
FNDA:1,(anonymous_4)
FNDA:1,(anonymous_5)
DA:2,2
DA:4,2
DA:5,2
DA:6,0
DA:9,2
DA:10,2
DA:11,2
DA:12,1
DA:13,1
DA:14,1
DA:16,1
DA:20,2
DA:21,1
DA:24,2
DA:25,1
DA:26,1
DA:29,2
DA:30,1
DA:31,1
DA:32,1
LF:20
LH:19
BRF:0
BRH:0
end_of_record
TN:
SF:src/controllers/limiter.ts
FNF:0
FNH:0
DA:1,1
DA:3,1
LF:2
LH:2
BRDA:5,0,0,0
BRDA:5,0,1,1
BRF:2
BRH:1
end_of_record
TN:
SF:src/emails/AuthEmails.ts
FN:10,(anonymous_0)
FN:25,(anonymous_1)
FNF:2
FNH:1
FNDA:1,(anonymous_0)
FNDA:0,(anonymous_1)
DA:1,2
DA:9,2
DA:10,2
DA:11,1
DA:22,1
DA:25,2
DA:26,0
DA:37,0
LF:8
LH:6
BRF:0
BRH:0
end_of_record
TN:
SF:src/middlewares/auth.ts
FN:13,(anonymous_1)
FNF:1
FNH:1
FNDA:17,(anonymous_1)
DA:2,1
DA:3,1
DA:13,1
DA:14,17
DA:15,17
DA:16,5
DA:17,5
DA:18,5
DA:20,12
DA:21,12
DA:22,0
DA:23,0
DA:24,0
DA:26,12
DA:27,12
DA:28,10
DA:29,10
DA:32,10
DA:33,10
DA:35,10
DA:38,2
LF:21
LH:18
BRDA:15,0,0,5
BRDA:21,1,0,0
BRDA:28,2,0,10
BRDA:28,3,0,10
BRDA:28,3,1,10
BRDA:32,4,0,10
BRF:6
BRH:5
end_of_record
TN:
SF:src/middlewares/budget.ts
FN:14,(anonymous_1)
FN:18,(anonymous_2)
FN:30,(anonymous_3)
FN:35,(anonymous_4)
FN:47,(anonymous_5)
FN:63,(anonymous_6)
FNF:6
FNH:6
FNDA:7,(anonymous_1)
FNDA:6,(anonymous_2)
FNDA:4,(anonymous_3)
FNDA:4,(anonymous_4)
FNDA:9,(anonymous_5)
FNDA:7,(anonymous_6)
DA:2,3
DA:3,3
DA:4,3
DA:14,3
DA:15,7
DA:18,6
DA:22,7
DA:23,7
DA:24,1
DA:25,1
DA:27,6
DA:30,3
DA:31,4
DA:35,4
DA:39,4
DA:40,4
DA:41,2
DA:42,2
DA:44,2
DA:47,3
DA:48,9
DA:49,9
DA:50,9
DA:51,8
DA:52,3
DA:53,3
DA:54,3
DA:56,5
DA:57,5
DA:59,1
DA:63,3
DA:64,7
DA:65,2
DA:66,2
DA:67,2
DA:70,5
LF:36
LH:36
BRDA:23,0,0,1
BRDA:40,1,0,2
BRDA:51,2,0,3
BRDA:64,3,0,2
BRF:4
BRH:4
end_of_record
TN:
SF:src/middlewares/expense.ts
FN:14,(anonymous_1)
FN:19,(anonymous_2)
FN:31,(anonymous_3)
FN:35,(anonymous_4)
FN:46,(anonymous_5)
FNF:5
FNH:1
FNDA:0,(anonymous_1)
FNDA:0,(anonymous_2)
FNDA:0,(anonymous_3)
FNDA:0,(anonymous_4)
FNDA:3,(anonymous_5)
DA:2,2
DA:3,2
DA:14,2
DA:15,0
DA:19,0
DA:23,0
DA:24,0
DA:25,0
DA:26,0
DA:28,0
DA:31,2
DA:32,0
DA:35,0
DA:38,0
DA:39,0
DA:40,0
DA:41,0
DA:43,0
DA:46,2
DA:47,3
DA:48,3
DA:49,3
DA:50,2
DA:51,1
DA:52,1
DA:53,1
DA:55,1
DA:56,1
DA:58,1
LF:29
LH:15
BRDA:24,0,0,0
BRDA:39,1,0,0
BRDA:50,2,0,1
BRF:3
BRH:1
end_of_record
TN:
SF:src/middlewares/validation.ts
FN:4,(anonymous_0)
FNF:1
FNH:1
FNDA:24,(anonymous_0)
DA:2,1
DA:4,1
DA:5,24
DA:6,24
DA:7,7
DA:8,7
DA:10,17
DA:13,1
LF:8
LH:8
BRDA:6,0,0,7
BRF:1
BRH:1
end_of_record
TN:
SF:src/models/Budget.ts
FN:30,(anonymous_3)
FN:36,(anonymous_4)
FN:39,(anonymous_5)
FNF:3
FNH:3
FNDA:3,(anonymous_3)
FNDA:2,(anonymous_4)
FNDA:3,(anonymous_5)
DA:1,3
DA:11,3
DA:12,3
DA:17,3
DA:22,3
DA:28,3
DA:30,3
DA:34,3
DA:36,2
DA:37,3
DA:39,3
DA:40,3
DA:44,3
LF:13
LH:13
BRF:0
BRH:0
end_of_record
TN:
SF:src/models/Expense.ts
FN:21,(anonymous_3)
FN:24,(anonymous_4)
FNF:2
FNH:2
FNDA:2,(anonymous_3)
FNDA:2,(anonymous_4)
DA:1,3
DA:2,3
DA:8,3
DA:13,3
DA:19,3
DA:21,2
DA:22,3
DA:24,2
DA:25,3
DA:28,3
LF:10
LH:10
BRF:0
BRH:0
end_of_record
TN:
SF:src/models/User.ts
FN:39,(anonymous_3)
FNF:1
FNH:1
FNDA:2,(anonymous_3)
DA:1,3
DA:2,3
DA:8,3
DA:13,3
DA:20,3
DA:26,3
DA:31,3
DA:37,3
DA:39,2
DA:43,3
DA:47,3
LF:11
LH:11
BRF:0
BRH:0
end_of_record
TN:
SF:src/router/authRouter.ts
FNF:0
FNH:0
DA:1,1
DA:2,1
DA:3,1
DA:4,1
DA:5,1
DA:6,1
DA:8,1
DA:10,1
DA:13,1
DA:16,1
DA:23,1
DA:28,1
DA:35,1
DA:41,1
DA:47,1
DA:54,1
DA:62,1
DA:71,1
LF:18
LH:18
BRF:0
BRH:0
end_of_record
TN:
SF:src/router/budgetRouter.ts
FNF:0
FNH:0
DA:1,1
DA:2,1
DA:3,1
DA:4,1
DA:5,1
DA:6,1
DA:8,1
DA:10,1
DA:12,1
DA:13,1
DA:14,1
DA:17,1
DA:18,1
DA:21,1
DA:24,1
DA:32,1
DA:36,1
DA:38,1
LF:18
LH:18
BRF:0
BRH:0
end_of_record
TN:
SF:src/router/expenseRouter.ts
FNF:0
FNH:0
DA:1,1
DA:2,1
DA:3,1
DA:6,1
DA:8,1
DA:9,1
DA:13,1
DA:14,1
DA:17,1
DA:20,1
DA:23,1
DA:25,1
LF:12
LH:12
BRF:0
BRH:0
end_of_record
TN:
SF:src/tests/mocks/budgets.ts
FNF:0
FNH:0
DA:1,3
LF:1
LH:1
BRF:0
BRH:0
end_of_record
TN:
SF:src/tests/mocks/expenses.ts
FNF:0
FNH:0
DA:1,2
LF:1
LH:1
BRF:0
BRH:0
end_of_record
TN:
SF:src/utils/auth.ts
FN:3,(anonymous_1)
FN:8,(anonymous_2)
FNF:2
FNH:2
FNDA:1,(anonymous_1)
FNDA:3,(anonymous_2)
DA:1,2
DA:3,2
DA:4,1
DA:5,1
DA:8,2
DA:9,3
LF:6
LH:6
BRF:0
BRH:0
end_of_record
TN:
SF:src/utils/jwt.ts
FN:5,(anonymous_1)
FN:12,(anonymous_2)
FNF:2
FNH:2
FNDA:3,(anonymous_1)
FNDA:12,(anonymous_2)
DA:1,2
DA:3,2
DA:5,2
DA:6,3
DA:9,3
DA:12,2
DA:13,12
DA:14,10
LF:8
LH:8
BRF:0
BRH:0
end_of_record
TN:
SF:src/utils/token.ts
FN:1,(anonymous_0)
FNF:1
FNH:1
FNDA:1,(anonymous_0)
DA:1,2
LF:1
LH:1
BRF:0
BRH:0
end_of_record
